#-----------------------------------------------------------
# Vivado v2018.2 (64-bit)
# SW Build 2258646 on Thu Jun 14 20:03:12 MDT 2018
# IP Build 2256618 on Thu Jun 14 22:10:49 MDT 2018
# Start of session at: Mon Apr  1 14:31:16 2024
# Process ID: 15028
# Current directory: C:/ECE281_code/ece281-ice5
# Command line: vivado.exe -gui_launcher_event rodinguilauncherevent17064 C:\ECE281_code\ece281-ice5\elevatorController.xpr
# Log file: C:/ECE281_code/ece281-ice5/vivado.log
# Journal file: C:/ECE281_code/ece281-ice5\vivado.jou
#-----------------------------------------------------------
start_gui
open_project C:/ECE281_code/ece281-ice5/elevatorController.xpr
INFO: [Project 1-313] Project file moved from './ece281-ice5' since last save.
Scanning sources...
Finished scanning sources
WARNING: [filemgmt 56-2] IPUserFilesDir: Could not find the directory 'C:/ECE281_code/ece281-ice5/elevatorController.ip_user_files', nor could it be found using path 'C:/ECE281_code/ece281-ice5/ece281-ice5/elevatorController.ip_user_files'.
INFO: [IP_Flow 19-234] Refreshing IP repositories
INFO: [IP_Flow 19-1704] No user IP repositories specified
INFO: [IP_Flow 19-2313] Loaded Vivado IP repository 'C:/Xilinx/Vivado/2018.2/data/ip'.
open_project: Time (s): cpu = 00:00:04 ; elapsed = 00:00:08 . Memory (MB): peak = 777.820 ; gain = 56.137
update_compile_order -fileset sources_1
exit
INFO: [Common 17-206] Exiting Vivado at Mon Apr  1 14:37:33 2024...
